<?xml version="1.0" encoding="UTF-8"?>
<!-- Generated by org.testng.reporters.JUnitXMLReporter -->
<testsuite hostname="prashuthra" ignored="0" name="Testsequential" tests="3" failures="0" timestamp="04 Apr 2018 09:03:51 GMT" time="38.874" errors="0">
  <testcase name="test1Scenario" time="36.8" classname="week4_homework.Test1"/>
  <testcase name="test1Scenario" time="36.807" classname="week4_homework.Test1"/>
  <testcase name="test1Scenario" time="38.755" classname="week4_homework.Test1"/>
</testsuite> <!-- Testsequential -->
