<?xml version="1.0" encoding="UTF-8"?>
<!-- Generated by org.testng.reporters.JUnitXMLReporter -->
<testsuite hostname="prashuthra" ignored="0" name="Test(failed)" tests="1" failures="1" timestamp="31 Mar 2018 15:26:48 GMT" time="62.723" errors="0">
  <testcase name="Mergeleadscenario" time="62.667" classname="week4day1.MergeLeads">
    <failure type="org.testng.internal.thread.ThreadTimeoutException" message="Method week4day1.MergeLeads.Mergeleadscenario() didn&amp;apos;t finish within the time-out 20000">
      <![CDATA[org.testng.internal.thread.ThreadTimeoutException: Method week4day1.MergeLeads.Mergeleadscenario() didn't finish within the time-out 20000
at java.util.concurrent.ThreadPoolExecutor.runWorker(Unknown Source)
at java.util.concurrent.ThreadPoolExecutor$Worker.run(Unknown Source)
at java.lang.Thread.run(Unknown Source)
... Removed 7 stack frames]]>
    </failure>
  </testcase> <!-- Mergeleadscenario -->
</testsuite> <!-- Test(failed) -->
