<?xml version="1.0" encoding="UTF-8"?>
<!-- Generated by org.testng.reporters.JUnitXMLReporter -->
<testsuite hostname="prashuthra" ignored="0" name="Test" tests="3" failures="0" timestamp="04 Apr 2018 03:17:52 GMT" time="23.501" errors="0">
  <testcase name="test3Scenario" time="15.908" classname="week4_homework.Test3"/>
  <testcase name="test1Scenario" time="21.082" classname="week4_homework.Test1"/>
  <testcase name="test2Scenario" time="23.457" classname="week4_homework.Test2"/>
</testsuite> <!-- Test -->
